system interface error: No such file or directory in open(filtered_file_326965, read, _4004)
output error: Disk quota exceeded in flush(error)
output error: Disk quota exceeded in flush(error)
output error: Disk quota exceeded in flush(error)
output error: Disk quota exceeded in flush(error)
output error: Disk quota exceeded in flush(error)
output error: Disk quota exceeded in flush(error)
output error: Disk quota exceeded in flush(error)
output error: Disk quota exceeded in flush(error)
output error: Disk quota exceeded in flush(error)
output error: Disk quota exceeded in flush(error)
output error: Disk quota exceeded in flush(error)
output error: Disk quota exceeded in flush(error)
output error: Disk quota exceeded in flush(error)
output error: Disk quota exceeded in flush(error)
output error: Disk quota exceeded in flush(error)
output error: Disk quota exceeded in flush(error)
output error: Disk quota exceeded in flush(error)
output error: Disk quota exceeded in flush(error)
output error: Disk quota exceeded in flush(error)
output error: Disk quota exceeded in flush(error)
output error: Disk quota exceeded in flush(error)
output error: Disk quota exceeded in flush(error)
output error: Disk quota exceeded in flush(error)
output error: Disk quota exceeded in flush(error)
output error: Disk quota exceeded in flush(error)
output error: Disk quota exceeded in flush(error)
output error: Disk quota exceeded in flush(error)
output error: Disk quota exceeded in flush(error)
output error: Disk quota exceeded in flush(error)
output error: Disk quota exceeded in flush(error)
output error: Disk quota exceeded in flush(error)
output error: Disk quota exceeded in flush(error)
output error: Disk quota exceeded in flush(error)
output error: Disk quota exceeded in flush(error)
output error: Disk quota exceeded in flush(error)
output error: Disk quota exceeded in flush(error)
output error: Disk quota exceeded in flush(error)
output error: Disk quota exceeded in flush(error)
output error: Disk quota exceeded in flush(error)
output error: Disk quota exceeded in flush(error)
output error: Disk quota exceeded in flush(error)
output error: Disk quota exceeded in flush(error)
output error: Disk quota exceeded in flush(error)
output error: Disk quota exceeded in flush(error)
output error: Disk quota exceeded in flush(error)
output error: Disk quota exceeded in flush(error)
output error: Disk quota exceeded in flush(error)
output error: Disk quota exceeded in flush(error)
output error: Disk quota exceeded in flush(error)
output error: Disk quota exceeded in flush(error)
output error: Disk quota exceeded in flush(error)
output error: Disk quota exceeded in flush(error)
output error: Disk quota exceeded in flush(error)
output error: Disk quota exceeded in flush(error)
output error: Disk quota exceeded in flush(error)
output error: Disk quota exceeded in flush(error)
output error: Disk quota exceeded in flush(error)
output error: Disk quota exceeded in flush(error)
output error: Disk quota exceeded in flush(error)
output error: Disk quota exceeded in flush(error)
output error: Disk quota exceeded in flush(error)
output error: Disk quota exceeded in flush(error)
output error: Disk quota exceeded in flush(error)
output error: Disk quota exceeded in flush(error)
output error: Disk quota exceeded in flush(error)
output error: Disk quota exceeded in flush(error)
output error: Disk quota exceeded in flush(error)
output error: Disk quota exceeded in flush(error)
output error: Disk quota exceeded in flush(error)
output error: Disk quota exceeded in flush(error)
output error: Disk quota exceeded in flush(error)
output error: Disk quota exceeded in flush(error)
output error: Disk quota exceeded in flush(error)
output error: Disk quota exceeded in flush(error)
output error: Disk quota exceeded in flush(error)
output error: Disk quota exceeded in flush(error)
output error: Disk quota exceeded in flush(error)
output error: Disk quota exceeded in flush(error)
output error: Disk quota exceeded in flush(error)
output error: Disk quota exceeded in flush(error)
output error: Disk quota exceeded in flush(error)
output error: Disk quota exceeded in flush(error)
output error: Disk quota exceeded in flush(error)
output error: Disk quota exceeded in flush(error)
output error: Disk quota exceeded in flush(error)
output error: Disk quota exceeded in flush(error)
output error: Disk quota exceeded in flush(error)
output error: Disk quota exceeded in flush(error)
output error: Disk quota exceeded in flush(error)
output error: Disk quota exceeded in flush(error)
output error: Disk quota exceeded in flush(error)
output error: Disk quota exceeded in flush(error)
output error: Disk quota exceeded in flush(error)
output error: Disk quota exceeded in flush(error)
output error: Disk quota exceeded in flush(error)
output error: Disk quota exceeded in flush(error)
output error: Disk quota exceeded in flush(error)
output error: Disk quota exceeded in flush(error)
output error: Disk quota exceeded in flush(error)
output error: Disk quota exceeded in flush(error)
output error: Disk quota exceeded in flush(error)
output error: Disk quota exceeded in flush(error)
output error: Disk quota exceeded in flush(error)
output error: Disk quota exceeded in flush(error)
output error: Disk quota exceeded in flush(error)
output error: Disk quota exceeded in flush(error)
output error: Disk quota exceeded in flush(error)
output error: Disk quota exceeded in flush(error)
output error: Disk quota exceeded in flush(error)
output error: Disk quota exceeded in flush(error)
output error: Disk quota exceeded in flush(error)
output error: Disk quota exceeded in flush(error)
output error: Disk quota exceeded in flush(error)
output error: Disk quota exceeded in flush(error)
output error: Disk quota exceeded in flush(error)
output error: Disk quota exceeded in flush(error)
output error: Disk quota exceeded in flush(error)
output error: Disk quota exceeded in flush(error)
output error: Disk quota exceeded in flush(error)
output error: Disk quota exceeded in flush(error)
output error: Disk quota exceeded in flush(error)
output error: Disk quota exceeded in flush(error)
output error: Disk quota exceeded in flush(error)
output error: Disk quota exceeded in flush(error)
output error: Disk quota exceeded in flush(error)
output error: Disk quota exceeded in flush(error)
output error: Disk quota exceeded in flush(error)
output error: Disk quota exceeded in flush(error)
output error: Disk quota exceeded in flush(error)
output error: Disk quota exceeded in flush(error)
output error: Disk quota exceeded in flush(error)
output error: Disk quota exceeded in flush(error)
output error: Disk quota exceeded in flush(error)
output error: Disk quota exceeded in flush(error)
output error: Disk quota exceeded in flush(error)
output error: Disk quota exceeded in flush(error)
output error: Disk quota exceeded in flush(error)
output error: Disk quota exceeded in flush(error)
output error: Disk quota exceeded in flush(error)
output error: Disk quota exceeded in flush(error)
output error: Disk quota exceeded in flush(error)
output error: Disk quota exceeded in flush(error)
output error: Disk quota exceeded in flush(error)
output error: Disk quota exceeded in flush(error)
output error: Disk quota exceeded in flush(error)
output error: Disk quota exceeded in flush(error)
output error: Disk quota exceeded in flush(error)
output error: Disk quota exceeded in flush(error)
output error: Disk quota exceeded in flush(error)
output error: Disk quota exceeded in flush(error)
output error: Disk quota exceeded in flush(error)
output error: Disk quota exceeded in flush(error)
output error: Disk quota exceeded in flush(error)
output error: Disk quota exceeded in flush(error)
output error: Disk quota exceeded in flush(error)
output error: Disk quota exceeded in flush(error)
output error: Disk quota exceeded in flush(error)
output error: Disk quota exceeded in flush(error)
output error: Disk quota exceeded in flush(error)
output error: Disk quota exceeded in flush(error)
output error: Disk quota exceeded in flush(error)
output error: Disk quota exceeded in flush(error)
output error: Disk quota exceeded in flush(error)
output error: Disk quota exceeded in flush(error)
output error: Disk quota exceeded in flush(error)
output error: Disk quota exceeded in flush(error)
output error: Disk quota exceeded in flush(error)
output error: Disk quota exceeded in flush(error)
output error: Disk quota exceeded in flush(error)
output error: Disk quota exceeded in flush(error)
output error: Disk quota exceeded in flush(error)
output error: Disk quota exceeded in flush(error)
output error: Disk quota exceeded in flush(error)
output error: Disk quota exceeded in flush(error)
output error: Disk quota exceeded in flush(error)
output error: Disk quota exceeded in flush(error)
output error: Disk quota exceeded in flush(error)
output error: Disk quota exceeded in flush(error)
output error: Disk quota exceeded in flush(error)
output error: Disk quota exceeded in flush(error)
output error: Disk quota exceeded in flush(error)
output error: Disk quota exceeded in flush(error)
output error: Disk quota exceeded in flush(error)
output error: Disk quota exceeded in flush(error)
output error: Disk quota exceeded in flush(error)
output error: Disk quota exceeded in flush(error)
output error: Disk quota exceeded in flush(error)
output error: Disk quota exceeded in flush(error)
output error: Disk quota exceeded in flush(error)
output error: Disk quota exceeded in flush(error)
output error: Disk quota exceeded in flush(error)
output error: Disk quota exceeded in flush(error)
output error: Disk quota exceeded in flush(error)
output error: Disk quota exceeded in flush(error)
output error: Disk quota exceeded in flush(error)
output error: Disk quota exceeded in flush(error)
output error: Disk quota exceeded in flush(error)
output error: Disk quota exceeded in flush(error)
output error: Disk quota exceeded in flush(error)
output error: Disk quota exceeded in flush(error)
output error: Disk quota exceeded in flush(error)
output error: Disk quota exceeded in flush(error)
output error: Disk quota exceeded in flush(error)
output error: Disk quota exceeded in flush(error)
output error: Disk quota exceeded in flush(error)
output error: Disk quota exceeded in flush(error)
output error: Disk quota exceeded in flush(error)
output error: Disk quota exceeded in flush(error)
output error: Disk quota exceeded in flush(error)
output error: Disk quota exceeded in flush(error)
output error: Disk quota exceeded in flush(error)
output error: Disk quota exceeded in flush(error)
output error: Disk quota exceeded in flush(error)
output error: Disk quota exceeded in flush(error)
output error: Disk quota exceeded in flush(error)
output error: Disk quota exceeded in flush(error)
output error: Disk quota exceeded in flush(error)
output error: Disk quota exceeded in flush(error)
output error: Disk quota exceeded in flush(error)
output error: Disk quota exceeded in flush(error)
output error: Disk quota exceeded in flush(error)
output error: Disk quota exceeded in flush(error)
output error: Disk quota exceeded in flush(error)
output error: Disk quota exceeded in flush(error)
output error: Disk quota exceeded in flush(error)
output error: Disk quota exceeded in flush(error)
output error: Disk quota exceeded in flush(error)
output error: Disk quota exceeded in flush(error)
output error: Disk quota exceeded in flush(error)
output error: Disk quota exceeded in flush(error)
output error: Disk quota exceeded in flush(error)
output error: Disk quota exceeded in flush(error)
output error: Disk quota exceeded in flush(error)
output error: Disk quota exceeded in flush(error)
output error: Disk quota exceeded in flush(error)
output error: Disk quota exceeded in flush(error)
output error: Disk quota exceeded in flush(error)
output error: Disk quota exceeded in flush(error)
output error: Disk quota exceeded in flush(error)
output error: Disk quota exceeded in flush(error)
output error: Disk quota exceeded in flush(error)
output error: Disk quota exceeded in flush(error)
output error: Disk quota exceeded in flush(error)
output error: Disk quota exceeded in flush(error)
output error: Disk quota exceeded in flush(error)
output error: Disk quota exceeded in flush(error)
output error: Disk quota exceeded in flush(error)
output error: Disk quota exceeded in flush(error)
output error: Disk quota exceeded in flush(error)
output error: Disk quota exceeded in flush(error)
output error: Disk quota exceeded in flush(error)
output error: Disk quota exceeded in flush(error)
ERROR(db/inputs/2746718427160621230514301200141675214048.smt2) : abort
unknown
-------------------
4.167015376
